<?xml version="1.0" encoding="UTF-8"?>
<!-- Generated by org.testng.reporters.JUnitReportReporter -->
<testsuite hostname="DESKTOP-UCKJ537" failures="0" tests="1" name="KiteTest.Test_Class" time="6.845" errors="0" timestamp="2022-08-26T11:51:02 IST" skipped="0">
  <testcase classname="KiteTest.Test_Class" name="verifyuserID" time="6.845"/>
  <system-out>
    <![CDATA[running verify user id]]>
  </system-out>
</testsuite> <!-- KiteTest.Test_Class -->
